INFO:root:Database connection established root@localhost with password *****
INFO:root:Database connection established root@localhost with password *****
INFO:root:Database connection established root@localhost with password *****
INFO:root:Database connection established root@localhost with password *****
INFO:root:Path of the DDL folder is fetched
INFO:root:Path of the DDL folder is fetched
INFO:root:Database connection established root@localhost with password *****
INFO:root:Database connection established root@localhost with password *****
alhost with password *****
2020-07-15 13:06:53,841 - root - INFO - connection_db:29 - Database connection established root@localhost with password *****
2020-07-15 13:06:53,841 - root - INFO - connection_db:29 - Database connection established root@localhost with password *****
2020-07-15 13:06:53,930 - root - INFO - connection_db:29 - Database connection established root@localhost with password *****
2020-07-15 13:06:53,930 - root - INFO - connection_db:29 - Database connection established root@localhost with password *****
2020-07-15 13:06:53,930 - root - INFO - connection_db:29 - Database connection established root@localhost with password *****
2020-07-15 13:06:53,930 - root - INFO - connection_db:29 - Database connection established root@localhost with password *****
2020-07-15 13:06:53,938 - root - INFO - file_path:59 - Path of the DDL folder is fetched
2020-07-15 13:06:53,938 - root - INFO - file_path:59 - Path of the DDL folder is fetched
2020-07-15 13:06:53,938 - root - INFO - file_path:59 - Path of the DDL folder is fetched
2020-07-15 13:06:53,938 - root - INFO - file_path:59 - Path of the DDL folder is fetched
2020-07-15 13:06:53,938 - root - INFO - file_path:59 - Path of the DDL folder is fetched
2020-07-15 13:06:53,939 - root - INFO - file_path:59 - Path of the DDL folder is fetched
2020-07-15 13:06:53,939 - root - INFO - file_path:59 - Path of the DDL folder is fetched
2020-07-15 13:06:53,939 - root - INFO - file_path:59 - Path of the DDL folder is fetched
2020-07-15 13:06:53,939 - root - INFO - file_path:59 - Path of the DDL folder is fetched
2020-07-15 13:06:53,939 - root - INFO - file_path:59 - Path of the DDL folder is fetched
2020-07-15 13:06:54,010 - root - INFO - connection_db:29 - Database connection established root@localhost with password *****
2020-07-15 13:06:54,010 - root - INFO - connection_db:29 - Database connection established root@localhost with password *****
2020-07-15 13:06:54,010 - root - INFO - connection_db:29 - Database connection established root@localhost with password *****
2020-07-15 13:06:54,010 - root - INFO - connection_db:29 - Database connection established root@localhost with password *****
2020-07-15 13:06:54,010 - root - INFO - connection_db:29 - Database connection established root@localhost with password *****
2020-07-15 13:06:54,010 - root - INFO - connection_db:29 - Database connection established root@localhost with password *****
2020-07-15 13:06:54,109 - root - INFO - connection_db:29 - Database connection established root@localhost with password *****
2020-07-15 13:06:54,109 - root - INFO - connection_db:29 - Database connection established root@localhost with password *****
2020-07-15 13:06:54,109 - root - INFO - connection_db:29 - Database connection established root@localhost with password *****
2020-07-15 13:06:54,109 - root - INFO - connection_db:29 - Database connection established root@localhost with password *****
2020-07-15 13:06:54,109 - root - INFO - connection_db:29 - Database connection established root@localhost with password *****
2020-07-15 13:06:54,109 - root - INFO - connection_db:29 - Database connection established root@localhost with password *****
2020-07-15 13:06:54,109 - root - INFO - connection_db:29 - Database connection established root@localhost with password *****
2020-07-15 13:06:54,109 - root - INFO - connection_db:29 - Database connection established root@localhost with password *****
